Viridiplantae_CYP701A26	Viridiplantae_CYP701A6	77.053	475	109	0	33	507	30	504	0.0	812
Viridiplantae_CYP701A26	Viridiplantae_CYP701A8	66.808	473	153	3	38	507	38	509	0.0	677
Viridiplantae_CYP701A26	Viridiplantae_CYP701A3	56.745	467	200	2	41	505	41	507	0.0	578
Viridiplantae_CYP701A26	Viridiplantae_CYP701A40	55.248	505	211	3	15	507	12	513	0.0	578
Viridiplantae_CYP701A26	Viridiplantae_CYP701B1	44.835	484	248	9	37	505	61	540	9.61e-141	412
Viridiplantae_CYP701A26	Viridiplantae_CYP98A34	27.824	478	318	12	44	507	33	497	3.76e-59	199
Viridiplantae_CYP701A26	Viridiplantae_CYP98A6	25.586	469	319	11	38	493	23	474	1.03e-58	197
Viridiplantae_CYP701A26	Viridiplantae_CYP71CB1	29.691	485	298	11	37	500	31	493	2.28e-58	196
Viridiplantae_CYP701A26	Viridiplantae_CYP98A113	27.079	469	290	10	38	480	22	464	5.90e-58	195
Viridiplantae_CYP701A26	Viridiplantae_CYP98A14	25.843	445	303	11	44	475	29	459	9.39e-58	195
Viridiplantae_CYP701A43	Viridiplantae_CYP701A6	76.809	470	109	0	35	504	35	504	0.0	789
Viridiplantae_CYP701A43	Viridiplantae_CYP701A8	68.565	474	145	3	34	504	37	509	0.0	695
Viridiplantae_CYP701A43	Viridiplantae_CYP701A40	54.832	507	222	3	5	504	7	513	0.0	575
Viridiplantae_CYP701A43	Viridiplantae_CYP701A3	55.508	463	204	2	42	502	45	507	0.0	562
Viridiplantae_CYP701A43	Viridiplantae_CYP701B1	44.148	487	255	8	31	502	56	540	7.78e-141	412
Viridiplantae_CYP701A43	Viridiplantae_CYP98A34	27.218	496	342	10	19	504	11	497	2.99e-62	207
Viridiplantae_CYP701A43	Viridiplantae_CYP98A6	26.566	463	324	9	34	490	22	474	1.18e-61	205
Viridiplantae_CYP701A43	Viridiplantae_CYP71CB1	29.939	491	289	11	39	502	36	498	3.40e-60	201
Viridiplantae_CYP701A43	Viridiplantae_CYP98A113	27.181	493	327	11	28	502	15	493	4.00e-58	196
Viridiplantae_CYP701A43	Viridiplantae_CYP71BL2	27.347	490	318	11	16	489	8	475	6.93e-58	195
Viridiplantae_CYP706C37	Viridiplantae_CYP706C55	51.681	476	214	6	42	510	64	530	6.55e-179	509
Viridiplantae_CYP706C37	Viridiplantae_CYP706A3	48.262	489	245	5	23	510	37	518	5.10e-168	480
Viridiplantae_CYP706C37	Viridiplantae_CYP706M1	45.669	508	256	6	7	510	11	502	3.38e-167	478
Viridiplantae_CYP706C37	Viridiplantae_CYP706V6	40.833	480	277	6	33	510	29	503	7.18e-140	408
Viridiplantae_CYP706C37	Viridiplantae_CYP706B1	44.043	470	250	8	41	503	64	527	4.55e-137	402
Viridiplantae_CYP706C37	Viridiplantae_CYP706V2	41.120	518	279	11	4	510	9	511	5.04e-134	393
Viridiplantae_CYP706C37	Viridiplantae_CYP706V7	41.164	481	275	7	33	510	34	509	2.49e-132	389
Viridiplantae_CYP706C37	Viridiplantae_CYP75B138	37.232	513	300	6	9	504	10	517	4.81e-125	371
Viridiplantae_CYP706C37	Viridiplantae_CYP75B137	38.171	503	298	5	9	504	7	503	1.51e-123	366
Viridiplantae_CYP706C37	Viridiplantae_CYP75B500	38.583	508	295	8	6	504	3	502	9.93e-121	359
Viridiplantae_CYP711A3Zm	Viridiplantae_CYP711A3	69.979	473	121	4	1	464	79	539	0.0	672
Viridiplantae_CYP711A3Zm	Viridiplantae_CYP711A2	66.385	473	137	4	1	464	79	538	0.0	620
Viridiplantae_CYP711A3Zm	Viridiplantae_CYP711A9	61.771	463	165	4	1	463	83	533	0.0	599
Viridiplantae_CYP711A3Zm	Viridiplantae_CYP711A1	59.395	463	163	3	1	463	84	521	0.0	545
Viridiplantae_CYP711A3Zm	Viridiplantae_CYP71CB1	25.508	443	267	14	1	433	76	465	4.62e-31	120
Viridiplantae_CYP711A3Zm	Viridiplantae_CYP71AJ4	23.341	437	286	11	1	433	64	455	2.23e-29	115
Viridiplantae_CYP711A3Zm	Viridiplantae_CYP75B3	24.711	433	273	13	45	463	125	518	3.84e-28	112
Viridiplantae_CYP711A3Zm	Viridiplantae_CYP714A2	28.794	257	162	8	208	450	273	522	3.18e-27	109
Viridiplantae_CYP711A3Zm	Viridiplantae_CYP71AY5	29.832	238	158	6	202	433	231	465	1.23e-26	107
Viridiplantae_CYP711A3Zm	Viridiplantae_CYP97A29	25.113	442	255	17	43	465	188	572	1.57e-26	107
Viridiplantae_CYP71C1	Viridiplantae_CYP71C6	78.090	534	107	6	1	530	1	528	0.0	854
Viridiplantae_CYP71C1	Viridiplantae_CYP71C7	60.526	532	202	6	1	529	1	527	0.0	658
Viridiplantae_CYP71C1	Viridiplantae_CYP71C8	55.639	532	223	6	1	528	1	523	0.0	561
Viridiplantae_CYP71C1	Viridiplantae_CYP71C113	51.008	496	237	4	36	530	23	513	0.0	525
Viridiplantae_CYP71C1	Viridiplantae_CYP71C9	50.781	512	235	7	22	526	24	525	9.75e-174	496
Viridiplantae_CYP71C1	Viridiplantae_CYP71AN24	38.953	516	301	7	15	526	16	521	1.21e-116	350
Viridiplantae_CYP71C1	Viridiplantae_CYP71D411	40.890	472	253	11	60	526	40	490	1.28e-116	349
Viridiplantae_CYP71C1	Viridiplantae_CYP71D349	39.645	507	277	12	28	526	14	499	1.36e-116	349
Viridiplantae_CYP71C1	Viridiplantae_CYP71D4	40.568	493	257	12	49	525	21	493	2.39e-116	348
Viridiplantae_CYP71C1	Viridiplantae_CYP71A1	42.340	470	253	8	65	527	40	498	2.44e-116	348
Viridiplantae_CYP71C2	Viridiplantae_CYP71C7	74.721	538	120	7	1	534	1	526	0.0	790
Viridiplantae_CYP71C2	Viridiplantae_CYP71C6	61.152	538	193	6	1	534	1	526	0.0	656
Viridiplantae_CYP71C2	Viridiplantae_CYP71C8	60.482	539	194	7	1	535	1	524	0.0	600
Viridiplantae_CYP71C2	Viridiplantae_CYP71C113	51.098	501	231	8	36	534	23	511	1.91e-178	508
Viridiplantae_CYP71C2	Viridiplantae_CYP71C9	51.052	523	231	10	20	535	24	528	1.34e-169	486
Viridiplantae_CYP71C2	Viridiplantae_CYP71A1	43.038	474	247	10	68	533	40	498	2.94e-115	346
Viridiplantae_CYP71C2	Viridiplantae_CYP71D411	41.090	477	248	15	63	532	40	490	8.19e-113	339
Viridiplantae_CYP71C2	Viridiplantae_CYP71BE54	39.437	497	263	14	52	535	26	497	3.28e-112	338
Viridiplantae_CYP71C2	Viridiplantae_CYP71BE79	38.552	511	284	14	30	532	10	498	1.30e-111	337
Viridiplantae_CYP71C2	Viridiplantae_CYP71D375	40.919	479	253	13	63	534	41	496	1.99e-111	336
Viridiplantae_CYP71C3	Viridiplantae_CYP71C8	75.655	534	116	5	1	532	1	522	0.0	759
Viridiplantae_CYP71C3	Viridiplantae_CYP71C7	60.374	535	199	8	1	532	1	525	0.0	628
Viridiplantae_CYP71C3	Viridiplantae_CYP71C6	53.471	533	239	3	1	532	1	525	0.0	593
Viridiplantae_CYP71C3	Viridiplantae_CYP71C113	49.263	475	231	5	58	531	44	509	3.89e-159	459
Viridiplantae_CYP71C3	Viridiplantae_CYP71C9	47.563	513	246	10	28	531	27	525	9.34e-146	425
Viridiplantae_CYP71C3	Viridiplantae_CYP71A1	39.029	515	286	10	25	532	5	498	5.61e-108	327
Viridiplantae_CYP71C3	Viridiplantae_CYP71BE79	37.598	508	285	15	34	531	13	498	1.83e-106	323
Viridiplantae_CYP71C3	Viridiplantae_CYP71BE54	39.139	488	260	16	56	531	32	494	6.10e-106	322
Viridiplantae_CYP71C3	Viridiplantae_CYP71CB1	36.015	522	301	12	19	533	2	497	6.09e-105	319
Viridiplantae_CYP71C3	Viridiplantae_CYP71AN24	37.452	518	304	10	20	531	18	521	1.53e-104	319
Viridiplantae_CYP71C4	Viridiplantae_CYP71C9	76.679	536	102	5	11	538	8	528	0.0	794
Viridiplantae_CYP71C4	Viridiplantae_CYP71C6	52.929	478	213	5	66	536	53	525	0.0	517
Viridiplantae_CYP71C4	Viridiplantae_CYP71C113	52.421	475	223	2	62	535	37	509	8.24e-179	509
Viridiplantae_CYP71C4	Viridiplantae_CYP71C7	53.333	480	215	7	63	536	49	525	1.69e-176	503
Viridiplantae_CYP71C4	Viridiplantae_CYP71C8	48.203	473	225	7	77	538	61	524	4.88e-143	418
Viridiplantae_CYP71C4	Viridiplantae_CYP71A1	42.489	466	255	7	77	536	40	498	7.10e-122	363
Viridiplantae_CYP71C4	Viridiplantae_CYP71AT146	40.084	479	267	9	68	536	26	494	1.14e-120	360
Viridiplantae_CYP71C4	Viridiplantae_CYP71D55	41.684	475	256	10	68	534	32	493	1.54e-120	359
Viridiplantae_CYP71C4	Viridiplantae_CYP71BL2	41.079	482	259	11	61	535	25	488	7.03e-120	357
Viridiplantae_CYP71C4	Viridiplantae_CYP736A167	42.083	480	251	10	68	535	30	494	7.69e-120	357
Viridiplantae_CYP71Z16	Viridiplantae_CYP71Z2	58.252	515	200	4	1	502	1	513	0.0	604
Viridiplantae_CYP71Z16	Viridiplantae_CYP71Z21	57.143	518	205	7	1	503	1	516	0.0	583
Viridiplantae_CYP71Z16	Viridiplantae_CYP71Z6	55.985	518	213	7	1	506	1	515	0.0	573
Viridiplantae_CYP71Z16	Viridiplantae_CYP71Z7	55.126	517	218	7	1	506	1	514	0.0	564
Viridiplantae_CYP71Z16	Viridiplantae_CYP71BE54	49.145	468	230	3	33	497	32	494	3.86e-168	480
Viridiplantae_CYP71Z16	Viridiplantae_CYP71D55	47.425	466	237	4	33	495	32	492	3.06e-156	449
Viridiplantae_CYP71Z16	Viridiplantae_CYP71D4	46.781	466	240	4	33	495	32	492	1.90e-153	442
Viridiplantae_CYP71Z16	Viridiplantae_CYP71AV3Sc	45.090	499	259	7	1	497	1	486	1.16e-150	435
Viridiplantae_CYP71Z16	Viridiplantae_CYP71D495	47.788	452	227	4	32	479	27	473	1.33e-149	432
Viridiplantae_CYP71Z16	Viridiplantae_CYP71AV3Bs	44.689	499	265	6	1	499	1	488	1.48e-149	432
Viridiplantae_CYP71Z18	Viridiplantae_CYP71Z2	57.670	515	202	5	1	501	1	513	0.0	605
Viridiplantae_CYP71Z18	Viridiplantae_CYP71Z21	57.529	518	202	8	1	502	1	516	0.0	594
Viridiplantae_CYP71Z18	Viridiplantae_CYP71Z6	55.513	517	216	6	1	505	1	515	0.0	582
Viridiplantae_CYP71Z18	Viridiplantae_CYP71Z7	54.845	516	220	6	1	505	1	514	0.0	575
Viridiplantae_CYP71Z18	Viridiplantae_CYP71BE54	46.138	479	250	3	21	496	21	494	1.24e-164	471
Viridiplantae_CYP71Z18	Viridiplantae_CYP71D55	46.444	478	247	5	20	494	21	492	1.47e-156	450
Viridiplantae_CYP71Z18	Viridiplantae_CYP71D4	46.362	481	243	6	20	494	21	492	2.57e-154	444
Viridiplantae_CYP71Z18	Viridiplantae_CYP71AV3Bs	44.752	505	269	6	1	505	1	495	1.31e-150	435
Viridiplantae_CYP71Z18	Viridiplantae_CYP71D495	47.124	452	230	5	31	478	27	473	2.88e-149	432
Viridiplantae_CYP71Z18	Viridiplantae_CYP71AV3Sc	44.779	498	261	7	1	496	1	486	5.15e-149	431
Viridiplantae_CYP71Z19	Viridiplantae_CYP71Z2	56.405	523	206	9	1	507	1	517	0.0	592
Viridiplantae_CYP71Z19	Viridiplantae_CYP71Z21	59.073	496	182	11	28	507	29	519	0.0	574
Viridiplantae_CYP71Z19	Viridiplantae_CYP71Z7	53.981	515	217	8	2	503	3	510	0.0	560
Viridiplantae_CYP71Z19	Viridiplantae_CYP71Z6	52.611	517	225	7	1	503	1	511	0.0	555
Viridiplantae_CYP71Z19	Viridiplantae_CYP71BE54	44.798	471	252	3	34	501	32	497	3.44e-156	450
Viridiplantae_CYP71Z19	Viridiplantae_CYP71AV3Sc	44.135	503	259	9	1	498	1	486	4.86e-146	423
Viridiplantae_CYP71Z19	Viridiplantae_CYP71AV3Bs	44.311	501	261	8	1	498	1	486	9.54e-146	422
Viridiplantae_CYP71Z19	Viridiplantae_CYP71D55	44.968	467	247	6	34	496	32	492	1.01e-145	423
Viridiplantae_CYP71Z19	Viridiplantae_CYP71D495	45.532	470	243	7	33	496	27	489	5.24e-145	421
Viridiplantae_CYP71Z19	Viridiplantae_CYP71D4	44.540	467	249	6	34	496	32	492	3.07e-144	419
Viridiplantae_CYP78A1	Viridiplantae_CYP78A7	57.486	541	216	8	3	540	1	530	0.0	597
Viridiplantae_CYP78A1	Viridiplantae_CYP78A5	49.706	511	235	11	42	547	21	514	1.36e-167	481
Viridiplantae_CYP78A1	Viridiplantae_CYP98A3	36.689	447	260	11	110	545	61	495	8.41e-88	275
Viridiplantae_CYP78A1	Viridiplantae_CYP98A14	37.162	444	257	11	112	545	62	493	1.41e-86	272
Viridiplantae_CYP78A1	Viridiplantae_CYP98A34	36.530	438	258	9	115	545	71	495	5.58e-83	263
Viridiplantae_CYP78A1	Viridiplantae_CYP75B137	37.232	419	245	7	137	547	96	504	4.17e-82	260
Viridiplantae_CYP78A1	Viridiplantae_CYP75B3	38.534	423	238	11	137	545	104	518	3.79e-80	256
Viridiplantae_CYP78A1	Viridiplantae_CYP703A3	34.249	473	284	12	93	545	47	512	9.06e-80	254
Viridiplantae_CYP78A1	Viridiplantae_CYP75B81	37.232	419	248	9	137	547	121	532	1.23e-79	255
Viridiplantae_CYP78A1	Viridiplantae_CYP703A1	32.974	464	292	10	96	545	71	529	5.63e-79	253
Viridiplantae_CYP79A61	Viridiplantae_CYP79A1	72.140	542	132	6	21	548	20	556	0.0	788
Viridiplantae_CYP79A61	Viridiplantae_CYP79A8	63.567	527	173	7	21	545	8	517	0.0	664
Viridiplantae_CYP79A61	Viridiplantae_CYP79A12	62.209	516	185	4	30	545	1	506	0.0	650
Viridiplantae_CYP79A61	Viridiplantae_CYP79A125	61.364	484	177	5	67	545	51	529	0.0	622
Viridiplantae_CYP79A61	Viridiplantae_CYP79B2	54.545	528	224	7	22	548	28	540	0.0	611
Viridiplantae_CYP79A61	Viridiplantae_CYP79B3	55.894	492	209	5	58	548	58	542	0.0	598
Viridiplantae_CYP79A61	Viridiplantae_CYP79D6	53.448	522	228	6	28	547	19	527	0.0	582
Viridiplantae_CYP79A61	Viridiplantae_CYP79D7v2	52.952	525	231	7	26	547	16	527	0.0	564
Viridiplantae_CYP79A61	Viridiplantae_CYP79D2	55.625	480	205	4	67	546	67	538	0.0	562
Viridiplantae_CYP79A61	Viridiplantae_CYP79D1	54.280	479	211	4	68	546	69	539	0.0	560
Viridiplantae_CYP81A37	Viridiplantae_CYP81E1	39.806	515	286	7	3	517	8	498	1.81e-134	394
Viridiplantae_CYP81A37	Viridiplantae_CYP81E6	39.499	519	292	9	1	517	1	499	2.86e-134	394
Viridiplantae_CYP81A37	Viridiplantae_CYP81E7	38.703	509	288	7	9	517	14	498	1.31e-131	387
Viridiplantae_CYP81A37	Viridiplantae_CYP81Q58	41.915	470	255	6	45	510	47	502	3.29e-131	386
Viridiplantae_CYP81A37	Viridiplantae_CYP81Q59	39.575	518	283	11	1	509	1	497	7.86e-128	377
Viridiplantae_CYP81A37	Viridiplantae_CYP81F2	40.232	517	281	10	1	516	1	490	2.17e-123	365
Viridiplantae_CYP81A37	Viridiplantae_CYP81Q1	39.844	512	282	11	12	519	14	503	2.70e-121	361
Viridiplantae_CYP81A37	Viridiplantae_CYP81E9	41.432	461	252	6	54	507	44	493	3.67e-120	358
Viridiplantae_CYP81A37	Viridiplantae_CYP81Q500	39.335	511	277	10	6	509	14	498	7.29e-119	355
Viridiplantae_CYP81A37	Viridiplantae_CYP81F1	37.984	516	286	10	7	516	12	499	1.43e-118	353
Viridiplantae_CYP81A38	Viridiplantae_CYP81E1	39.458	517	295	7	1	517	1	499	6.13e-135	395
Viridiplantae_CYP81A38	Viridiplantae_CYP81E6	39.306	519	292	9	1	516	1	499	2.99e-133	391
Viridiplantae_CYP81A38	Viridiplantae_CYP81Q58	41.702	470	256	6	44	509	47	502	2.23e-131	387
Viridiplantae_CYP81A38	Viridiplantae_CYP81E7	38.012	513	297	7	8	516	3	498	5.35e-131	385
Viridiplantae_CYP81A38	Viridiplantae_CYP81Q59	39.652	517	283	11	1	508	1	497	4.73e-128	378
Viridiplantae_CYP81A38	Viridiplantae_CYP81F2	40.313	511	277	10	6	515	7	490	3.53e-124	368
Viridiplantae_CYP81A38	Viridiplantae_CYP81Q1	39.689	514	284	11	9	518	12	503	4.36e-122	363
Viridiplantae_CYP81A38	Viridiplantae_CYP81E9	41.138	457	258	5	50	506	48	493	8.24e-120	357
Viridiplantae_CYP81A38	Viridiplantae_CYP81Q500	39.619	472	260	9	44	508	45	498	5.00e-119	355
Viridiplantae_CYP81A38	Viridiplantae_CYP81F1	38.058	515	293	11	7	515	5	499	3.21e-118	353
Viridiplantae_CYP81A39	Viridiplantae_CYP81E1	40.392	510	283	7	6	515	11	499	3.21e-144	419
Viridiplantae_CYP81A39	Viridiplantae_CYP81E6	39.337	483	280	5	32	514	30	499	5.63e-140	408
Viridiplantae_CYP81A39	Viridiplantae_CYP81Q58	42.675	471	259	5	45	513	47	508	1.54e-139	407
Viridiplantae_CYP81A39	Viridiplantae_CYP81E7	38.538	506	290	7	9	514	14	498	1.90e-139	407
Viridiplantae_CYP81A39	Viridiplantae_CYP81Q1	40.541	518	287	9	2	516	4	503	7.11e-134	393
Viridiplantae_CYP81A39	Viridiplantae_CYP81Q59	37.743	514	285	9	4	509	14	500	2.03e-128	379
Viridiplantae_CYP81A39	Viridiplantae_CYP81Q500	38.641	471	269	8	45	509	45	501	3.19e-123	366
Viridiplantae_CYP81A39	Viridiplantae_CYP81F2	38.521	514	291	11	1	513	1	490	1.60e-122	363
Viridiplantae_CYP81A39	Viridiplantae_CYP81F4	38.583	508	290	12	5	509	4	492	2.24e-120	358
Viridiplantae_CYP81A39	Viridiplantae_CYP81F3	39.686	509	283	11	5	509	4	492	4.14e-120	357
Viridiplantae_CYP92C5	Viridiplantae_CYP92A300	48.207	502	237	10	32	529	27	509	1.65e-174	497
Viridiplantae_CYP92C5	Viridiplantae_CYP92A6	47.782	496	236	10	37	528	34	510	1.29e-167	480
Viridiplantae_CYP92C5	Viridiplantae_CYP92B14	42.715	501	266	8	31	527	30	513	2.30e-146	426
Viridiplantae_CYP92C5	Viridiplantae_CYP75B1	40.000	525	295	9	5	527	2	508	1.08e-130	385
Viridiplantae_CYP92C5	Viridiplantae_CYP736A2	40.574	488	268	9	37	522	57	524	6.22e-127	377
Viridiplantae_CYP92C5	Viridiplantae_CYP71BE54	41.273	487	266	9	32	517	26	493	3.01e-122	363
Viridiplantae_CYP92C5	Viridiplantae_CYP75B3	41.426	519	287	10	10	522	12	519	9.78e-121	360
Viridiplantae_CYP92C5	Viridiplantae_CYP75B500	39.238	525	292	10	9	527	4	507	3.28e-120	358
Viridiplantae_CYP92C5	Viridiplantae_CYP75B81	41.650	497	269	10	38	529	58	538	3.42e-120	359
Viridiplantae_CYP92C5	Viridiplantae_CYP75B600	39.960	498	278	9	37	529	30	511	2.40e-119	356
Viridiplantae_CYP92C6	Viridiplantae_CYP92A300	51.479	507	217	11	26	528	27	508	0.0	533
Viridiplantae_CYP92C6	Viridiplantae_CYP92A6	48.008	502	232	12	31	528	34	510	1.60e-170	488
Viridiplantae_CYP92C6	Viridiplantae_CYP92B14	43.800	500	254	9	32	527	37	513	8.74e-154	446
Viridiplantae_CYP92C6	Viridiplantae_CYP75B1	40.038	527	294	7	3	527	2	508	5.37e-135	397
Viridiplantae_CYP92C6	Viridiplantae_CYP75B600	42.032	502	268	9	29	527	28	509	2.54e-128	380
Viridiplantae_CYP92C6	Viridiplantae_CYP75B3	41.954	522	288	8	2	522	12	519	1.82e-125	374
Viridiplantae_CYP92C6	Viridiplantae_CYP75B138	38.993	536	291	11	5	528	12	523	2.51e-123	368
Viridiplantae_CYP92C6	Viridiplantae_CYP75B500	39.658	527	291	9	5	527	4	507	4.59e-123	367
Viridiplantae_CYP92C6	Viridiplantae_CYP75B81	41.483	499	269	9	32	527	58	536	4.94e-123	368
Viridiplantae_CYP92C6	Viridiplantae_CYP75B137	40.344	523	284	8	8	527	11	508	7.50e-122	363
Viridiplantae_CYP71A10	Viridiplantae_CYP71AN24	48.588	531	246	8	1	511	1	524	1.73e-168	482
Viridiplantae_CYP71A10	Viridiplantae_CYP71A1	50.100	499	235	5	15	506	4	495	6.85e-165	472
Viridiplantae_CYP71A10	Viridiplantae_CYP71CU1	45.918	490	248	6	25	508	10	488	6.13e-156	449
Viridiplantae_CYP71A10	Viridiplantae_CYP71BL3	42.017	476	258	7	37	508	25	486	3.44e-139	406
Viridiplantae_CYP71A10	Viridiplantae_CYP71BL2Ls	40.650	492	274	6	21	508	9	486	2.60e-137	401
Viridiplantae_CYP71A10	Viridiplantae_CYP71AJ3	42.181	486	258	9	24	501	2	472	2.56e-135	395
Viridiplantae_CYP71A10	Viridiplantae_CYP71AJ1	42.742	496	261	8	24	511	13	493	4.33e-135	395
Viridiplantae_CYP71A10	Viridiplantae_CYP71BL6	40.964	498	273	8	17	508	5	487	5.25e-135	395
Viridiplantae_CYP71A10	Viridiplantae_CYP71D349	42.772	505	261	10	23	511	10	502	8.87e-135	395
Viridiplantae_CYP71A10	Viridiplantae_CYP71BE54	41.752	491	262	6	28	508	18	494	1.32e-134	395
Viridiplantae_CYP71D9	Viridiplantae_CYP71BE79	51.491	503	235	4	1	495	1	502	0.0	543
Viridiplantae_CYP71D9	Viridiplantae_CYP71D495	53.955	493	215	5	5	489	1	489	0.0	530
Viridiplantae_CYP71D9	Viridiplantae_CYP71BE52	51.417	494	233	4	1	491	1	490	0.0	527
Viridiplantae_CYP71D9	Viridiplantae_CYP71BE54	51.440	486	224	4	17	495	18	498	0.0	520
Viridiplantae_CYP71D9	Viridiplantae_CYP71D4	49.894	473	226	5	27	490	23	493	5.20e-177	502
Viridiplantae_CYP71D9	Viridiplantae_CYP71D349	48.394	498	243	5	10	495	8	503	6.29e-177	502
Viridiplantae_CYP71D9	Viridiplantae_CYP726A14	48.400	500	243	6	1	491	1	494	3.46e-176	500
Viridiplantae_CYP71D9	Viridiplantae_CYP71BE85	52.295	501	224	6	3	491	1	498	3.49e-176	500
Viridiplantae_CYP71D9	Viridiplantae_CYP71D353	50.402	498	229	7	1	491	1	487	6.05e-176	499
Viridiplantae_CYP71D9	Viridiplantae_CYP726A17	48.193	498	245	6	1	491	1	492	6.98e-176	499
Viridiplantae_CYP72A69	Viridiplantae_CYP72A67	61.047	516	189	3	3	508	6	519	0.0	655
Viridiplantae_CYP72A69	Viridiplantae_CYP72A66v2	66.200	500	157	3	19	508	15	512	0.0	643
Viridiplantae_CYP72A69	Viridiplantae_CYP72A68	58.429	522	200	5	1	508	1	519	0.0	640
Viridiplantae_CYP72A69	Viridiplantae_CYP72A68v1	58.621	522	199	5	1	508	1	519	0.0	639
Viridiplantae_CYP72A69	Viridiplantae_CYP72A154	58.527	516	202	4	3	507	9	523	0.0	628
Viridiplantae_CYP72A69	Viridiplantae_CYP72A613	57.364	516	202	5	8	507	12	525	0.0	603
Viridiplantae_CYP72A69	Viridiplantae_CYP72A63	58.058	515	201	4	6	507	12	524	0.0	595
Viridiplantae_CYP72A69	Viridiplantae_CYP72A62v2	57.115	513	205	5	8	507	14	524	0.0	594
Viridiplantae_CYP72A69	Viridiplantae_CYP72AX1	55.513	517	217	5	3	506	6	522	0.0	590
Viridiplantae_CYP72A69	Viridiplantae_CYP72A65v2	57.310	513	205	5	8	507	13	524	0.0	583
Viridiplantae_CYP81E100	Viridiplantae_CYP81E1	74.900	502	122	1	1	502	1	498	0.0	816
Viridiplantae_CYP81E100	Viridiplantae_CYP81E7	73.108	502	131	1	1	502	1	498	0.0	810
Viridiplantae_CYP81E100	Viridiplantae_CYP81E6	74.155	503	125	2	1	502	1	499	0.0	790
Viridiplantae_CYP81E100	Viridiplantae_CYP81E9	63.674	479	171	2	26	502	26	503	0.0	607
Viridiplantae_CYP81E100	Viridiplantae_CYP81Q59	50.389	514	230	9	1	501	3	504	0.0	521
Viridiplantae_CYP81E100	Viridiplantae_CYP81F1	48.000	500	248	7	9	500	3	498	1.93e-178	506
Viridiplantae_CYP81E100	Viridiplantae_CYP81Q500	51.702	470	207	7	43	501	45	505	4.53e-176	500
Viridiplantae_CYP81E100	Viridiplantae_CYP81F2	47.485	497	242	6	13	500	3	489	4.65e-172	489
Viridiplantae_CYP81E100	Viridiplantae_CYP81F4	48.303	501	232	11	16	500	6	495	2.77e-170	485
Viridiplantae_CYP81E100	Viridiplantae_CYP81Q58	48.919	509	243	5	3	500	5	507	7.93e-170	484
Viridiplantae_CYP82D26	Viridiplantae_CYP82D263	52.941	527	240	4	21	540	1	526	0.0	565
Viridiplantae_CYP82D26	Viridiplantae_CYP82D274	51.589	535	238	7	21	538	1	531	0.0	561
Viridiplantae_CYP82D26	Viridiplantae_CYP82D113	51.619	525	242	6	23	539	2	522	0.0	537
Viridiplantae_CYP82D26	Viridiplantae_CYP82Q3	50.391	512	243	3	32	532	1	512	0.0	536
Viridiplantae_CYP82D26	Viridiplantae_CYP82D64	55.085	472	194	5	62	533	2	455	0.0	526
Viridiplantae_CYP82D26	Viridiplantae_CYP82D501	50.294	511	240	6	37	539	13	517	0.0	514
Viridiplantae_CYP82D26	Viridiplantae_CYP82D213	50.095	529	252	7	21	538	1	528	7.97e-180	512
Viridiplantae_CYP82D26	Viridiplantae_CYP82D33	51.048	525	238	9	33	541	9	530	2.09e-179	511
Viridiplantae_CYP82D26	Viridiplantae_CYP82C4	48.649	518	248	7	36	538	9	523	3.79e-179	510
Viridiplantae_CYP82D26	Viridiplantae_CYP82D2	50.386	518	238	8	30	538	19	526	3.21e-178	508
Viridiplantae_CYP93A1	Viridiplantae_CYP93B501	46.764	479	247	3	27	505	28	498	1.07e-172	491
Viridiplantae_CYP93A1	Viridiplantae_CYP93E3	45.490	510	270	5	2	506	6	512	5.05e-172	490
Viridiplantae_CYP93A1	Viridiplantae_CYP93B1	46.857	525	246	8	1	504	1	513	1.36e-170	487
Viridiplantae_CYP93A1	Viridiplantae_CYP93E8	45.098	510	270	6	2	506	18	522	3.81e-169	483
Viridiplantae_CYP93A1	Viridiplantae_CYP93E7	44.510	510	273	6	2	506	18	522	2.95e-168	481
Viridiplantae_CYP93A1	Viridiplantae_CYP93B2	48.269	491	243	6	22	509	26	508	5.66e-168	480
Viridiplantae_CYP93A1	Viridiplantae_CYP93E2	44.834	513	272	7	2	508	6	513	9.89e-168	479
Viridiplantae_CYP93A1	Viridiplantae_CYP93E4	44.814	511	269	7	3	508	7	509	3.87e-165	473
Viridiplantae_CYP93A1	Viridiplantae_CYP93E5	44.423	511	270	8	2	506	6	508	5.96e-163	467
Viridiplantae_CYP93A1	Viridiplantae_CYP93E6	44.423	511	270	8	2	506	6	508	9.62e-163	466
Viridiplantae_CYP93B16	Viridiplantae_CYP93B501	57.819	486	188	4	36	521	30	498	0.0	589
Viridiplantae_CYP93B16	Viridiplantae_CYP93B2	59.034	476	177	5	47	520	44	503	0.0	588
Viridiplantae_CYP93B16	Viridiplantae_CYP93B1	50.577	520	235	8	8	518	5	511	0.0	541
Viridiplantae_CYP93B16	Viridiplantae_CYP93B500	52.211	475	210	3	46	520	41	498	0.0	528
Viridiplantae_CYP93B16	Viridiplantae_CYP93C2	44.381	525	272	8	5	523	8	518	1.13e-167	480
Viridiplantae_CYP93B16	Viridiplantae_CYP93G1	42.418	488	262	5	37	523	44	513	2.34e-151	438
Viridiplantae_CYP93B16	Viridiplantae_CYP93E3	42.256	523	281	7	4	521	5	511	4.22e-147	427
Viridiplantae_CYP93B16	Viridiplantae_CYP93E9	39.885	524	290	7	4	521	5	509	7.00e-143	417
Viridiplantae_CYP93B16	Viridiplantae_CYP93E7	40.230	522	291	6	4	521	17	521	1.42e-142	416
Viridiplantae_CYP93B16	Viridiplantae_CYP93E8	40.421	522	290	6	4	521	17	521	2.50e-142	416
Viridiplantae_CYP93C1	Viridiplantae_CYP93C2	84.321	523	79	2	1	521	1	522	0.0	924
Viridiplantae_CYP93C1	Viridiplantae_CYP93B1	52.529	514	230	8	5	512	6	511	0.0	562
Viridiplantae_CYP93C1	Viridiplantae_CYP93B501	45.492	488	237	8	34	513	30	496	2.43e-157	453
Viridiplantae_CYP93C1	Viridiplantae_CYP93B2	46.105	475	231	7	46	512	44	501	1.69e-151	438
Viridiplantae_CYP93C1	Viridiplantae_CYP93B500	41.509	477	251	8	45	513	41	497	2.70e-133	392
Viridiplantae_CYP93C1	Viridiplantae_CYP93E3	40.041	487	271	7	35	512	34	508	2.58e-121	361
Viridiplantae_CYP93C1	Viridiplantae_CYP93E7	38.446	489	278	8	35	514	46	520	2.18e-118	354
Viridiplantae_CYP93C1	Viridiplantae_CYP93E8	38.604	487	276	8	35	512	46	518	5.03e-117	350
Viridiplantae_CYP93C1	Viridiplantae_CYP93G1	38.494	478	269	10	35	506	44	502	4.92e-116	348
Viridiplantae_CYP93C1	Viridiplantae_CYP93E2	39.918	486	268	9	35	510	34	505	6.20e-116	347
Viridiplantae_CYP93E1	Viridiplantae_CYP93E9	87.135	513	65	1	1	513	1	512	0.0	938
Viridiplantae_CYP93E1	Viridiplantae_CYP93E3	82.718	515	86	2	1	513	1	514	0.0	902
Viridiplantae_CYP93E1	Viridiplantae_CYP93E4	82.456	513	86	3	1	513	1	509	0.0	882
Viridiplantae_CYP93E1	Viridiplantae_CYP93E8	80.273	512	100	1	1	512	13	523	0.0	880
Viridiplantae_CYP93E1	Viridiplantae_CYP93E6	81.128	514	92	3	1	513	1	510	0.0	877
Viridiplantae_CYP93E1	Viridiplantae_CYP93E7	80.117	513	101	1	1	513	13	524	0.0	876
Viridiplantae_CYP93E1	Viridiplantae_CYP93E5	80.934	514	93	3	1	513	1	510	0.0	875
Viridiplantae_CYP93E1	Viridiplantae_CYP93E2	79.767	514	102	2	1	513	1	513	0.0	871
Viridiplantae_CYP93E1	Viridiplantae_CYP93B501	42.348	477	266	6	34	510	31	498	3.19e-140	409
Viridiplantae_CYP93E1	Viridiplantae_CYP93B2	43.197	463	258	4	45	507	44	501	9.24e-139	405
Viridiplantae_CYP706X1	Viridiplantae_CYP706V6	45.614	513	265	7	10	519	2	503	1.16e-157	454
Viridiplantae_CYP706X1	Viridiplantae_CYP706C55	47.257	474	241	4	48	519	64	530	2.02e-156	452
Viridiplantae_CYP706X1	Viridiplantae_CYP706V7	44.422	502	269	6	20	519	16	509	6.85e-154	444
Viridiplantae_CYP706X1	Viridiplantae_CYP706V2	44.639	513	268	7	10	519	12	511	4.49e-153	442
Viridiplantae_CYP706X1	Viridiplantae_CYP706B1	43.067	476	265	4	47	520	64	535	3.95e-140	410
Viridiplantae_CYP706X1	Viridiplantae_CYP706A3	41.632	478	262	6	47	520	55	519	7.28e-134	394
Viridiplantae_CYP706X1	Viridiplantae_CYP706M1	40.120	501	272	7	27	519	22	502	5.02e-128	378
Viridiplantae_CYP706X1	Viridiplantae_CYP75A1	37.988	487	284	7	38	520	33	505	1.41e-113	341
Viridiplantae_CYP706X1	Viridiplantae_CYP75A3	36.965	514	301	8	4	513	5	499	3.83e-113	340
Viridiplantae_CYP706X1	Viridiplantae_CYP75A2	36.590	481	288	6	38	514	36	503	3.70e-112	338
Viridiplantae_CYP73A500	Viridiplantae_CYP73A1	94.455	505	28	0	1	505	1	505	0.0	990
Viridiplantae_CYP73A500	Viridiplantae_CYP73A33	76.494	502	114	1	1	502	1	498	0.0	808
Viridiplantae_CYP73A500	Viridiplantae_CYP73A171	68.496	492	149	3	11	498	21	510	0.0	719
Viridiplantae_CYP73A500	Viridiplantae_CYP98A3	34.455	505	302	10	11	503	8	495	1.40e-91	284
Viridiplantae_CYP73A500	Viridiplantae_CYP98A6	35.354	495	278	11	14	489	8	479	1.73e-89	278
Viridiplantae_CYP73A500	Viridiplantae_CYP98A14	33.602	497	300	9	6	489	1	480	1.26e-88	276
Viridiplantae_CYP73A500	Viridiplantae_CYP98A113	33.663	505	304	11	13	503	6	493	7.05e-85	266
Viridiplantae_CYP73A500	Viridiplantae_CYP736A167	34.286	490	293	12	12	486	6	481	2.49e-82	259
Viridiplantae_CYP73A500	Viridiplantae_CYP98A34	32.000	500	321	11	9	503	10	495	7.87e-82	258
Viridiplantae_CYP73A500	Viridiplantae_CYP98A9	32.582	488	303	9	1	486	1	464	6.28e-81	255
